[debug] [2025-09-07T14:15:05.005Z] ----------------------------------------------------------------------
[debug] [2025-09-07T14:15:05.006Z] Command:       /Users/sandeepsharma/.nvm/versions/node/v22.18.0/bin/node /Users/sandeepsharma/.nvm/versions/node/v22.18.0/bin/firebase init
[debug] [2025-09-07T14:15:05.006Z] CLI Version:   14.15.2
[debug] [2025-09-07T14:15:05.007Z] Platform:      darwin
[debug] [2025-09-07T14:15:05.007Z] Node Version:  v22.18.0
[debug] [2025-09-07T14:15:05.007Z] Time:          Sun Sep 07 2025 19:45:05 GMT+0530 (India Standard Time)
[debug] [2025-09-07T14:15:05.007Z] ----------------------------------------------------------------------
[debug] 
[debug] [2025-09-07T14:15:05.071Z] > command requires scopes: ["email","openid","https://www.googleapis.com/auth/cloudplatformprojects.readonly","https://www.googleapis.com/auth/firebase","https://www.googleapis.com/auth/cloud-platform"]
[debug] [2025-09-07T14:15:05.072Z] > authorizing via signed-in user (sandeepks9199@gmail.com)
[info] 
     ######## #### ########  ######## ########     ###     ######  ########
     ##        ##  ##     ## ##       ##     ##  ##   ##  ##       ##
     ######    ##  ########  ######   ########  #########  ######  ######
     ##        ##  ##    ##  ##       ##     ## ##     ##       ## ##
     ##       #### ##     ## ######## ########  ##     ##  ######  ########

You're about to initialize a Firebase project in this directory:

  /Users/sandeepsharma/Desktop/React Project/Namaste-React/netflix-with-AI

Before we get started, keep in mind:

  * You are initializing within an existing Firebase project directory

[info] 
=== Project Setup
[info] 
[info] First, let's associate this project directory with a Firebase project.
[info] You can create multiple project aliases by running firebase use --add, 
[info] but for now we'll just set up a default project.
[info] 
[debug] [2025-09-07T14:15:11.930Z] Using project from CLI flag: netflix-g-clone
[debug] [2025-09-07T14:15:11.931Z] Checked if tokens are valid: true, expires at: 1757257152648
[debug] [2025-09-07T14:15:11.931Z] Checked if tokens are valid: true, expires at: 1757257152648
[debug] [2025-09-07T14:15:11.932Z] >>> [apiv2][query] GET https://firebase.googleapis.com/v1beta1/projects/netflix-g-clone [none]
[debug] [2025-09-07T14:15:12.632Z] <<< [apiv2][status] GET https://firebase.googleapis.com/v1beta1/projects/netflix-g-clone 200
[debug] [2025-09-07T14:15:12.632Z] <<< [apiv2][body] GET https://firebase.googleapis.com/v1beta1/projects/netflix-g-clone {"projectId":"netflix-g-clone","projectNumber":"67093455274","displayName":"netflix-with-AI","name":"projects/netflix-g-clone","resources":{"hostingSite":"netflix-g-clone"},"state":"ACTIVE","etag":"1_8a25dad4-5f54-45e9-884a-4622758e6deb"}
[info] i  Using project netflix-g-clone (netflix-with-AI) 
[info] 
=== Hosting Setup
[debug] [2025-09-07T14:15:12.921Z] Checked if tokens are valid: true, expires at: 1757257152648
[debug] [2025-09-07T14:15:12.922Z] Checked if tokens are valid: true, expires at: 1757257152648
[debug] [2025-09-07T14:15:12.922Z] >>> [apiv2][query] GET https://firebase.googleapis.com/v1beta1/projects/netflix-g-clone [none]
[debug] [2025-09-07T14:15:13.414Z] <<< [apiv2][status] GET https://firebase.googleapis.com/v1beta1/projects/netflix-g-clone 200
[debug] [2025-09-07T14:15:13.414Z] <<< [apiv2][body] GET https://firebase.googleapis.com/v1beta1/projects/netflix-g-clone {"projectId":"netflix-g-clone","projectNumber":"67093455274","displayName":"netflix-with-AI","name":"projects/netflix-g-clone","resources":{"hostingSite":"netflix-g-clone"},"state":"ACTIVE","etag":"1_8a25dad4-5f54-45e9-884a-4622758e6deb"}
[info] 
[info] Your public directory is the folder (relative to your project directory) that
[info] will contain Hosting assets to be uploaded with firebase deploy. If you
[info] have a build process for your assets, use your build's output directory.
[info] 
[debug] [2025-09-07T14:15:33.438Z] ExitPromptError: User force closed the prompt with SIGINT
    at Interface.sigint (/Users/sandeepsharma/.nvm/versions/node/v22.18.0/lib/node_modules/firebase-tools/node_modules/@inquirer/core/dist/commonjs/lib/create-prompt.js:101:37)
    at Interface.emit (node:events:518:28)
    at Interface.emit (node:domain:489:12)
    at [_ttyWrite] [as _ttyWrite] (node:internal/readline/interface:1132:18)
    at ReadStream.onkeypress (node:internal/readline/interface:271:20)
    at ReadStream.emit (node:events:530:35)
    at ReadStream.emit (node:domain:489:12)
    at emitKeys (node:internal/readline/utils:370:14)
    at emitKeys.next (<anonymous>)
    at ReadStream.onData (node:internal/readline/emitKeypressEvents:64:36)
[error] 
[error] Error: An unexpected error has occurred.
